D:\Z_KAREEM\CS\FACULTY\DATA STRUCTURES\DS-PROJECT-F2016_STD\DS-PROJECT-2016\CASTLE\DEBUG\ENEMY.OBJ
D:\Z_KAREEM\CS\FACULTY\DATA STRUCTURES\DS-PROJECT-F2016_STD\DS-PROJECT-2016\CASTLE\DEBUG\FILE_IO.OBJ
D:\Z_KAREEM\CS\FACULTY\DATA STRUCTURES\DS-PROJECT-F2016_STD\DS-PROJECT-2016\CASTLE\DEBUG\QUEUE.OBJ
D:\Z_KAREEM\CS\FACULTY\DATA STRUCTURES\DS-PROJECT-F2016_STD\DS-PROJECT-2016\CASTLE\DEBUG\SOURCE.OBJ
D:\Z_KAREEM\CS\FACULTY\DATA STRUCTURES\DS-PROJECT-F2016_STD\DS-PROJECT-2016\CASTLE\DEBUG\TOWER.OBJ
D:\Z_KAREEM\CS\FACULTY\DATA STRUCTURES\DS-PROJECT-F2016_STD\DS-PROJECT-2016\CASTLE\DEBUG\UTILITY.OBJ
D:\Z_KAREEM\CS\FACULTY\DATA STRUCTURES\DS-PROJECT-F2016_STD\DS-PROJECT-2016\CASTLE\DEBUG\VC110.PDB
D:\Z_Kareem\CS\Faculty\data structures\DS-Project-F2016_std\DS-project-2016\Castle\Debug\demoo.obj
D:\Z_Kareem\CS\Faculty\data structures\DS-Project-F2016_std\DS-project-2016\Castle\Debug\Enemy.obj
D:\Z_Kareem\CS\Faculty\data structures\DS-Project-F2016_std\DS-project-2016\Castle\Debug\File_IO.obj
D:\Z_Kareem\CS\Faculty\data structures\DS-Project-F2016_std\DS-project-2016\Castle\Debug\Queue.obj
D:\Z_Kareem\CS\Faculty\data structures\DS-Project-F2016_std\DS-project-2016\Castle\Debug\Source.obj
D:\Z_Kareem\CS\Faculty\data structures\DS-Project-F2016_std\DS-project-2016\Castle\Debug\Tower.obj
D:\Z_Kareem\CS\Faculty\data structures\DS-Project-F2016_std\DS-project-2016\Castle\Debug\utility.obj
D:\Z_Kareem\CS\Faculty\data structures\DS-Project-F2016_std\DS-project-2016\Castle\Debug\cl.command.1.tlog
D:\Z_Kareem\CS\Faculty\data structures\DS-Project-F2016_std\DS-project-2016\Castle\Debug\CL.read.1.tlog
D:\Z_Kareem\CS\Faculty\data structures\DS-Project-F2016_std\DS-project-2016\Castle\Debug\CL.write.1.tlog
D:\Z_Kareem\CS\Faculty\data structures\DS-Project-F2016_std\DS-project-2016\Castle\Debug\link-cvtres.read.1.tlog
D:\Z_Kareem\CS\Faculty\data structures\DS-Project-F2016_std\DS-project-2016\Castle\Debug\link-cvtres.write.1.tlog
D:\Z_Kareem\CS\Faculty\data structures\DS-Project-F2016_std\DS-project-2016\Castle\Debug\link-rc.read.1.tlog
D:\Z_Kareem\CS\Faculty\data structures\DS-Project-F2016_std\DS-project-2016\Castle\Debug\link-rc.write.1.tlog
D:\Z_Kareem\CS\Faculty\data structures\DS-Project-F2016_std\DS-project-2016\Castle\Debug\link.3992-cvtres.read.1.tlog
D:\Z_Kareem\CS\Faculty\data structures\DS-Project-F2016_std\DS-project-2016\Castle\Debug\link.3992-cvtres.write.1.tlog
D:\Z_Kareem\CS\Faculty\data structures\DS-Project-F2016_std\DS-project-2016\Castle\Debug\link.3992-rc.read.1.tlog
D:\Z_Kareem\CS\Faculty\data structures\DS-Project-F2016_std\DS-project-2016\Castle\Debug\link.3992-rc.write.1.tlog
D:\Z_Kareem\CS\Faculty\data structures\DS-Project-F2016_std\DS-project-2016\Castle\Debug\link.3992.read.1.tlog
D:\Z_Kareem\CS\Faculty\data structures\DS-Project-F2016_std\DS-project-2016\Castle\Debug\link.3992.write.1.tlog
D:\Z_Kareem\CS\Faculty\data structures\DS-Project-F2016_std\DS-project-2016\Castle\Debug\link.5020-cvtres.read.1.tlog
D:\Z_Kareem\CS\Faculty\data structures\DS-Project-F2016_std\DS-project-2016\Castle\Debug\link.5020-cvtres.write.1.tlog
D:\Z_Kareem\CS\Faculty\data structures\DS-Project-F2016_std\DS-project-2016\Castle\Debug\link.5020-rc.read.1.tlog
D:\Z_Kareem\CS\Faculty\data structures\DS-Project-F2016_std\DS-project-2016\Castle\Debug\link.5020-rc.write.1.tlog
D:\Z_Kareem\CS\Faculty\data structures\DS-Project-F2016_std\DS-project-2016\Castle\Debug\link.5020.read.1.tlog
D:\Z_Kareem\CS\Faculty\data structures\DS-Project-F2016_std\DS-project-2016\Castle\Debug\link.5020.write.1.tlog
D:\Z_Kareem\CS\Faculty\data structures\DS-Project-F2016_std\DS-project-2016\Castle\Debug\link.command.1.tlog
D:\Z_Kareem\CS\Faculty\data structures\DS-Project-F2016_std\DS-project-2016\Castle\Debug\link.read.1.tlog
D:\Z_Kareem\CS\Faculty\data structures\DS-Project-F2016_std\DS-project-2016\Castle\Debug\link.write.1.tlog
D:\Z_Kareem\CS\Faculty\data structures\DS-Project-F2016_std\DS-project-2016\Castle\Debug\vc110.idb
D:\Z_Kareem\CS\Faculty\data structures\DS-Project-F2016_std\DS-project-2016\Castle\Debug\vc140.idb
D:\Z_Kareem\CS\Faculty\data structures\DS-Project-F2016_std\DS-project-2016\Castle\Debug\vc110.pdb
D:\Z_Kareem\CS\Faculty\data structures\DS-Project-F2016_std\DS-project-2016\Castle\Debug\vc140.pdb
D:\Z_Kareem\CS\Faculty\data structures\DS-Project-F2016_std\DS-project-2016\Debug\Castle.pdb
